current directory: /home/ale/code/Pcbeingused33/rails-search/path/ruby/3.1.0/gems/sassc-2.4.0/ext
/home/ale/.rvm/rubies/ruby-3.1.2/bin/ruby -I /home/ale/.rvm/rubies/ruby-3.1.2/lib/ruby/3.1.0 -r ./siteconf20230629-76285-4re2xj.rb extconf.rb
creating Makefile

current directory: /home/ale/code/Pcbeingused33/rails-search/path/ruby/3.1.0/gems/sassc-2.4.0/ext
make DESTDIR\= clean

current directory: /home/ale/code/Pcbeingused33/rails-search/path/ruby/3.1.0/gems/sassc-2.4.0/ext
make DESTDIR\=
compiling ./libsass/src/ast.cpp
compiling ./libsass/src/ast2c.cpp
compiling ./libsass/src/ast_fwd_decl.cpp
compiling ./libsass/src/ast_sel_cmp.cpp
compiling ./libsass/src/ast_sel_super.cpp
compiling ./libsass/src/ast_sel_unify.cpp
compiling ./libsass/src/ast_sel_weave.cpp
compiling ./libsass/src/ast_selectors.cpp
compiling ./libsass/src/ast_supports.cpp
compiling ./libsass/src/ast_values.cpp
compiling ./libsass/src/backtrace.cpp
compiling ./libsass/src/base64vlq.cpp
compiling ./libsass/src/bind.cpp
compiling ./libsass/src/c2ast.cpp
compiling ./libsass/src/c99func.c
compiling ./libsass/src/cencode.c
compiling ./libsass/src/check_nesting.cpp
compiling ./libsass/src/color_maps.cpp
compiling ./libsass/src/constants.cpp
compiling ./libsass/src/context.cpp
compiling ./libsass/src/cssize.cpp
compiling ./libsass/src/emitter.cpp
compiling ./libsass/src/environment.cpp
compiling ./libsass/src/error_handling.cpp
compiling ./libsass/src/eval.cpp
compiling ./libsass/src/eval_selectors.cpp
compiling ./libsass/src/expand.cpp
compiling ./libsass/src/extender.cpp
compiling ./libsass/src/extension.cpp
compiling ./libsass/src/file.cpp
compiling ./libsass/src/fn_colors.cpp
make: *** [Makefile:238: fn_colors.o] Hangup

make failed, uncaught signal 1
